<?xml version="1.0" encoding="UTF-8" ?>
<testsuite tests="27" failures="0" name="testRunner.TestRunner" time="0.006" errors="0" skipped="0">
  <properties>
    <property name="java.runtime.name" value="Java(TM) SE Runtime Environment"/>
    <property name="sun.boot.library.path" value="/Library/Java/JavaVirtualMachines/jdk1.8.0_201.jdk/Contents/Home/jre/lib"/>
    <property name="java.vm.version" value="25.201-b09"/>
    <property name="user.country.format" value="NZ"/>
    <property name="gopherProxySet" value="false"/>
    <property name="java.vm.vendor" value="Oracle Corporation"/>
    <property name="maven.multiModuleProjectDirectory" value="/Users/zeanamansell/Documents/Work/Assurity/Grad Programme/Engineering/ApiAndWebTestDemo"/>
    <property name="java.vendor.url" value="http://java.oracle.com/"/>
    <property name="path.separator" value=":"/>
    <property name="guice.disable.misplaced.annotation.check" value="true"/>
    <property name="java.vm.name" value="Java HotSpot(TM) 64-Bit Server VM"/>
    <property name="file.encoding.pkg" value="sun.io"/>
    <property name="user.country" value="US"/>
    <property name="sun.java.launcher" value="SUN_STANDARD"/>
    <property name="sun.os.patch.level" value="unknown"/>
    <property name="java.vm.specification.name" value="Java Virtual Machine Specification"/>
    <property name="user.dir" value="/Users/zeanamansell/Documents/Work/Assurity/Grad Programme/Engineering/ApiAndWebTestDemo"/>
    <property name="java.runtime.version" value="1.8.0_201-b09"/>
    <property name="java.awt.graphicsenv" value="sun.awt.CGraphicsEnvironment"/>
    <property name="java.endorsed.dirs" value="/Library/Java/JavaVirtualMachines/jdk1.8.0_201.jdk/Contents/Home/jre/lib/endorsed"/>
    <property name="os.arch" value="x86_64"/>
    <property name="java.io.tmpdir" value="/var/folders/1v/fnk48x9d4h5dftx6jk4zjgyc0000gn/T/"/>
    <property name="line.separator" value="
"/>
    <property name="java.vm.specification.vendor" value="Oracle Corporation"/>
    <property name="os.name" value="Mac OS X"/>
    <property name="classworlds.conf" value="/Applications/apache-maven-3.6.0/bin/m2.conf"/>
    <property name="sun.jnu.encoding" value="UTF-8"/>
    <property name="java.library.path" value="/Users/zeanamansell/Library/Java/Extensions:/Library/Java/Extensions:/Network/Library/Java/Extensions:/System/Library/Java/Extensions:/usr/lib/java:."/>
    <property name="maven.conf" value="/Applications/apache-maven-3.6.0/conf"/>
    <property name="java.specification.name" value="Java Platform API Specification"/>
    <property name="java.class.version" value="52.0"/>
    <property name="sun.management.compiler" value="HotSpot 64-Bit Tiered Compilers"/>
    <property name="os.version" value="10.10.5"/>
    <property name="library.jansi.path" value="/Applications/apache-maven-3.6.0/lib/jansi-native"/>
    <property name="http.nonProxyHosts" value="local|*.local|169.254/16|*.169.254/16"/>
    <property name="user.home" value="/Users/zeanamansell"/>
    <property name="user.timezone" value="Pacific/Auckland"/>
    <property name="java.awt.printerjob" value="sun.lwawt.macosx.CPrinterJob"/>
    <property name="java.specification.version" value="1.8"/>
    <property name="file.encoding" value="UTF-8"/>
    <property name="user.name" value="zeanamansell"/>
    <property name="java.class.path" value="/Applications/apache-maven-3.6.0/boot/plexus-classworlds-2.5.2.jar"/>
    <property name="java.vm.specification.version" value="1.8"/>
    <property name="sun.arch.data.model" value="64"/>
    <property name="java.home" value="/Library/Java/JavaVirtualMachines/jdk1.8.0_201.jdk/Contents/Home/jre"/>
    <property name="sun.java.command" value="org.codehaus.plexus.classworlds.launcher.Launcher test"/>
    <property name="java.specification.vendor" value="Oracle Corporation"/>
    <property name="user.language" value="en"/>
    <property name="awt.toolkit" value="sun.lwawt.macosx.LWCToolkit"/>
    <property name="java.vm.info" value="mixed mode"/>
    <property name="java.version" value="1.8.0_201"/>
    <property name="java.ext.dirs" value="/Users/zeanamansell/Library/Java/Extensions:/Library/Java/JavaVirtualMachines/jdk1.8.0_201.jdk/Contents/Home/jre/lib/ext:/Library/Java/Extensions:/Network/Library/Java/Extensions:/System/Library/Java/Extensions:/usr/lib/java"/>
    <property name="sun.boot.class.path" value="/Library/Java/JavaVirtualMachines/jdk1.8.0_201.jdk/Contents/Home/jre/lib/resources.jar:/Library/Java/JavaVirtualMachines/jdk1.8.0_201.jdk/Contents/Home/jre/lib/rt.jar:/Library/Java/JavaVirtualMachines/jdk1.8.0_201.jdk/Contents/Home/jre/lib/sunrsasign.jar:/Library/Java/JavaVirtualMachines/jdk1.8.0_201.jdk/Contents/Home/jre/lib/jsse.jar:/Library/Java/JavaVirtualMachines/jdk1.8.0_201.jdk/Contents/Home/jre/lib/jce.jar:/Library/Java/JavaVirtualMachines/jdk1.8.0_201.jdk/Contents/Home/jre/lib/charsets.jar:/Library/Java/JavaVirtualMachines/jdk1.8.0_201.jdk/Contents/Home/jre/lib/jfr.jar:/Library/Java/JavaVirtualMachines/jdk1.8.0_201.jdk/Contents/Home/jre/classes"/>
    <property name="java.vendor" value="Oracle Corporation"/>
    <property name="maven.home" value="/Applications/apache-maven-3.6.0"/>
    <property name="file.separator" value="/"/>
    <property name="java.vendor.url.bug" value="http://bugreport.sun.com/bugreport/"/>
    <property name="sun.cpu.endian" value="little"/>
    <property name="sun.io.unicode.encoding" value="UnicodeBig"/>
    <property name="socksNonProxyHosts" value="local|*.local|169.254/16|*.169.254/16"/>
    <property name="ftp.nonProxyHosts" value="local|*.local|169.254/16|*.169.254/16"/>
    <property name="sun.cpu.isalist" value=""/>
  </properties>
  <testcase classname="| Carbon credits |" name="Given The API URI under test" time="0.002"/>
  <testcase classname="| Carbon credits |" name="When I send a GET request" time="0"/>
  <testcase classname="| Carbon credits |" name="Then I can validate that the Name is &quot;Carbon credits&quot;" time="0"/>
  <testcase classname="| Carbon credits |" name="| Carbon credits |" time="0"/>
  <testcase classname="Scenario: Verify that the CanRelist element is true" name="Given The API URI under test" time="0"/>
  <testcase classname="Scenario: Verify that the CanRelist element is true" name="When I send a GET request" time="0"/>
  <testcase classname="Scenario: Verify that the CanRelist element is true" name="Then I can validate that CanRelist is true" time="0"/>
  <testcase classname="Scenario: Verify that the CanRelist element is true" name="Scenario: Verify that the CanRelist element is true" time="0"/>
  <testcase classname="| Gallery | 2x larger image |" name="Given The API URI under test" time="0.001"/>
  <testcase classname="| Gallery | 2x larger image |" name="When I send a GET request" time="0"/>
  <testcase classname="| Gallery | 2x larger image |" name="Then I can validate that the Promotions element with Name &quot;Gallery&quot; has a Description that contains the text &quot;2x larger image&quot;" time="0"/>
  <testcase classname="| Gallery | 2x larger image |" name="| Gallery | 2x larger image |" time="0"/>
  <testcase classname="| Wine | 114 |" name="Given The TradeMe Sandbox home page" time="0"/>
  <testcase classname="| Wine | 114 |" name="When I search for &quot;Wine&quot;" time="0"/>
  <testcase classname="| Wine | 114 |" name="Then There is &quot;114&quot; search results" time="0"/>
  <testcase classname="| Wine | 114 |" name="| Wine | 114 |" time="0"/>
  <testcase classname="| Wine | Canterbury | 6 |" name="Given The TradeMe Sandbox home page" time="0"/>
  <testcase classname="| Wine | Canterbury | 6 |" name="When I search for &quot;Wine&quot;" time="0"/>
  <testcase classname="| Wine | Canterbury | 6 |" name="And I choose the location &quot;Canterbury&quot;" time="0"/>
  <testcase classname="| Wine | Canterbury | 6 |" name="Then There is &quot;6&quot; search results" time="0"/>
  <testcase classname="| Wine | Canterbury | 6 |" name="| Wine | Canterbury | 6 |" time="0.001"/>
  <testcase classname="| Wine | Canterbury | A Big Little House |" name="Given The TradeMe Sandbox home page" time="0"/>
  <testcase classname="| Wine | Canterbury | A Big Little House |" name="When I search for &quot;Wine&quot;" time="0"/>
  <testcase classname="| Wine | Canterbury | A Big Little House |" name="And I choose the location &quot;Canterbury&quot;" time="0"/>
  <testcase classname="| Wine | Canterbury | A Big Little House |" name="And I click on the first result" time="0.001"/>
  <testcase classname="| Wine | Canterbury | A Big Little House |" name="Then The title of the auction page is &quot;A Big Little House&quot;" time="0"/>
  <testcase classname="| Wine | Canterbury | A Big Little House |" name="| Wine | Canterbury | A Big Little House |" time="0.001"/>
</testsuite>